<?xml version="1.0" encoding="UTF-8"?>
<!-- Generated by org.testng.reporters.JUnitXMLReporter -->
<testsuite ignored="6" hostname="DESKTOP-9N1BKMG" failures="0" tests="4" name="TedSearchTest" time="12.152" errors="0" timestamp="2021-12-20T22:29:40 EET">
  <testcase classname="tests.HomeTest" name="OpenAppsLink" time="2.653"/>
  <testcase classname="tests.AppsTest" name="ChooseEducationFromCategories" time="1.863"/>
  <testcase classname="tests.TedSearchTest" name="searchForTedApp" time="1.347"/>
  <testcase classname="tests.SelectTedAppTest" name="selectTedApp" time="5.782"/>
  <testcase classname="tests.TestBase" name="@AfterSuite closeDriver" time="0.0">
    <ignored/>
  </testcase> <!-- @AfterSuite closeDriver -->
  <testcase classname="tests.TestBase" name="@AfterSuite closeDriver" time="0.0">
    <ignored/>
  </testcase> <!-- @AfterSuite closeDriver -->
  <testcase classname="tests.TestBase" name="@AfterSuite closeDriver" time="0.0">
    <ignored/>
  </testcase> <!-- @AfterSuite closeDriver -->
  <testcase classname="tests.TestBase" name="@BeforeSuite openDriver" time="0.0">
    <ignored/>
  </testcase> <!-- @BeforeSuite openDriver -->
  <testcase classname="tests.TestBase" name="@BeforeSuite openDriver" time="0.0">
    <ignored/>
  </testcase> <!-- @BeforeSuite openDriver -->
  <testcase classname="tests.TestBase" name="@BeforeSuite openDriver" time="0.0">
    <ignored/>
  </testcase> <!-- @BeforeSuite openDriver -->
</testsuite> <!-- TedSearchTest -->
