<?xml version="1.0" encoding="UTF-8"?>
<!-- Generated by org.testng.reporters.JUnitXMLReporter -->
<testsuite ignored="6" hostname="DESKTOP-9N1BKMG" failures="0" tests="4" name="Test" time="11.387" errors="0" timestamp="2021-12-20T12:38:17 EET">
  <testcase classname="tests.HomeTest" name="OpenAppsLink" time="4.527"/>
  <testcase classname="tests.AppsTest" name="ChooseEducationFromCategories" time="1.421"/>
  <testcase classname="tests.SearchTest" name="searchForApp" time="1.529"/>
  <testcase classname="tests.SelectAppTest" name="selectTedApp" time="3.154"/>
  <testcase classname="tests.TestBase" name="@AfterSuite closeDriver" time="0.0">
    <ignored/>
  </testcase> <!-- @AfterSuite closeDriver -->
  <testcase classname="tests.TestBase" name="@AfterSuite closeDriver" time="0.0">
    <ignored/>
  </testcase> <!-- @AfterSuite closeDriver -->
  <testcase classname="tests.TestBase" name="@AfterSuite closeDriver" time="0.0">
    <ignored/>
  </testcase> <!-- @AfterSuite closeDriver -->
  <testcase classname="tests.TestBase" name="@BeforeSuite openDriver" time="0.0">
    <ignored/>
  </testcase> <!-- @BeforeSuite openDriver -->
  <testcase classname="tests.TestBase" name="@BeforeSuite openDriver" time="0.0">
    <ignored/>
  </testcase> <!-- @BeforeSuite openDriver -->
  <testcase classname="tests.TestBase" name="@BeforeSuite openDriver" time="0.0">
    <ignored/>
  </testcase> <!-- @BeforeSuite openDriver -->
</testsuite> <!-- Test -->
