<?xml version="1.0" encoding="UTF-8"?>
<testsuite xmlns:xsi="http://www.w3.org/2001/XMLSchema-instance" xsi:noNamespaceSchemaLocation="https://maven.apache.org/surefire/maven-surefire-plugin/xsd/surefire-test-report-3.0.xsd" version="3.0" name="TestSuite" time="161.894" tests="12" errors="0" skipped="0" failures="2">
  <properties>
[...]
</properties>
  <testcase name="OpenAppsLink" classname="tests.HomeTest" time="1.507">
    <system-err><![CDATA[SLF4J: Failed to load class "org.slf4j.impl.StaticLoggerBinder".
SLF4J: Defaulting to no-operation (NOP) logger implementation
SLF4J: See http://www.slf4j.org/codes.html#StaticLoggerBinder for further details.
1640034558559	geckodriver	INFO	Listening on 127.0.0.1:58144
1640034561342	mozrunner::runner	INFO	Running command: "C:\\Program Files\\Mozilla Firefox\\firefox.exe" "--marionette" "--remote-debugging-port" "49197" "-no-remote" "-profile" "C:\\Users\\Mohamed\\AppData\\Local\\Temp\\rust_mozprofileTjn6lY"
1640034568730	Marionette	INFO	Marionette enabled
console.warn: SearchSettings: "get: No settings file exists, new profile?" (new NotFoundError("Could not open the file at C:\\Users\\Mohamed\\AppData\\Local\\Temp\\rust_mozprofileTjn6lY\\search.json.mozlz4", (void 0)))
console.error: Region.jsm: "Error fetching region" (new Error("TIMEOUT", "resource://gre/modules/Region.jsm", 772))
console.error: Region.jsm: "Failed to fetch region" (new Error("TIMEOUT", "resource://gre/modules/Region.jsm", 419))
DevTools listening on ws://localhost:49197/devtools/browser/3cb60f3e-7f5b-49ea-9463-8f0c928f3785
1640034599524	Marionette	INFO	Listening on port 64937
1640034599846	RemoteAgent	WARN	TLS certificate errors will be ignored for this session
Dec 20, 2021 11:10:01 PM org.openqa.selenium.remote.ProtocolHandshake createSession
INFO: Detected dialect: W3C
]]></system-err>
  </testcase>
  <testcase name="OpenAppsLink" classname="tests.HomeTest" time="0.299">
    <system-err><![CDATA[1640034631401	Marionette	INFO	Stopped listening on port 64937
[Parent 4324, IPC I/O Parent] WARNING: file /builds/worker/checkouts/gecko/ipc/chromium/src/base/process_util_win.cc:167

###!!! [Child][RunMessage] Error: Channel closing: too late to send/recv, messages will be lost


###!!! [Child][RunMessage] Error: Channel closing: too late to send/recv, messages will be lost

Starting ChromeDriver 96.0.4664.45 (76e4c1bb2ab4671b8beba3444e61c0f17584b2fc-refs/branch-heads/4664@{#947}) on port 54858
Only local connections are allowed.
Please see https://chromedriver.chromium.org/security-considerations for suggestions on keeping ChromeDriver safe.
ChromeDriver was started successfully.
Dec 20, 2021 11:11:14 PM org.openqa.selenium.remote.ProtocolHandshake createSession
INFO: Detected dialect: W3C
Dec 20, 2021 11:11:16 PM org.openqa.selenium.devtools.CdpVersionFinder findNearestMatch
WARNING: Unable to find an exact match for CDP version 96, so returning the closest version found: 95
Dec 20, 2021 11:11:16 PM org.openqa.selenium.devtools.CdpVersionFinder findNearestMatch
INFO: Found CDP implementation for version 96 of 95
]]></system-err>
  </testcase>
  <testcase name="ChooseEducationFromCategories" classname="tests.AppsTest" time="1.787"/>
  <testcase name="ChooseEducationFromCategories" classname="tests.AppsTest" time="1.245">
    <failure message="no such element: Unable to locate element: {&quot;method&quot;:&quot;xpath&quot;,&quot;selector&quot;:&quot;//button[@class=&apos;qAAUy&apos;]&quot;}&#10;  (Session info: chrome=96.0.4664.110)&#10;For documentation on this error, please visit: https://selenium.dev/exceptions/#no_such_element&#10;Build info: version: &apos;4.0.0&apos;, revision: &apos;3a21814679&apos;&#10;System info: host: &apos;DESKTOP-9N1BKMG&apos;, ip: &apos;192.168.220.1&apos;, os.name: &apos;Windows 10&apos;, os.arch: &apos;amd64&apos;, os.version: &apos;10.0&apos;, java.version: &apos;13.0.2&apos;&#10;Driver info: org.openqa.selenium.chrome.ChromeDriver&#10;Command: [172eb3e6cf81421cf6d20af440aba616, findElement {using=xpath, value=//button[@class=&apos;qAAUy&apos;]}]&#10;Capabilities {acceptInsecureCerts: false, browserName: chrome, browserVersion: 96.0.4664.110, chrome: {chromedriverVersion: 96.0.4664.45 (76e4c1bb2ab46..., userDataDir: C:\Users\Mohamed\AppData\Lo...}, goog:chromeOptions: {debuggerAddress: localhost:65041}, javascriptEnabled: true, networkConnectionEnabled: false, pageLoadStrategy: normal, platform: WINDOWS, platformName: WINDOWS, proxy: Proxy(), se:cdp: ws://localhost:65041/devtoo..., se:cdpVersion: 96.0.4664.110, setWindowRect: true, strictFileInteractability: false, timeouts: {implicit: 0, pageLoad: 300000, script: 30000}, unhandledPromptBehavior: dismiss and notify, webauthn:extension:credBlob: true, webauthn:extension:largeBlob: true, webauthn:virtualAuthenticators: true}&#10;Session ID: 172eb3e6cf81421cf6d20af440aba616" type="org.openqa.selenium.NoSuchElementException"><![CDATA[org.openqa.selenium.NoSuchElementException: 
no such element: Unable to locate element: {"method":"xpath","selector":"//button[@class='qAAUy']"}
  (Session info: chrome=96.0.4664.110)
For documentation on this error, please visit: https://selenium.dev/exceptions/#no_such_element
Build info: version: '4.0.0', revision: '3a21814679'
System info: host: 'DESKTOP-9N1BKMG', ip: '192.168.220.1', os.name: 'Windows 10', os.arch: 'amd64', os.version: '10.0', java.version: '13.0.2'
Driver info: org.openqa.selenium.chrome.ChromeDriver
Command: [172eb3e6cf81421cf6d20af440aba616, findElement {using=xpath, value=//button[@class='qAAUy']}]
Capabilities {acceptInsecureCerts: false, browserName: chrome, browserVersion: 96.0.4664.110, chrome: {chromedriverVersion: 96.0.4664.45 (76e4c1bb2ab46..., userDataDir: C:\Users\Mohamed\AppData\Lo...}, goog:chromeOptions: {debuggerAddress: localhost:65041}, javascriptEnabled: true, networkConnectionEnabled: false, pageLoadStrategy: normal, platform: WINDOWS, platformName: WINDOWS, proxy: Proxy(), se:cdp: ws://localhost:65041/devtoo..., se:cdpVersion: 96.0.4664.110, setWindowRect: true, strictFileInteractability: false, timeouts: {implicit: 0, pageLoad: 300000, script: 30000}, unhandledPromptBehavior: dismiss and notify, webauthn:extension:credBlob: true, webauthn:extension:largeBlob: true, webauthn:virtualAuthenticators: true}
Session ID: 172eb3e6cf81421cf6d20af440aba616
	at tests.AppsTest.ChooseEducationFromCategories(AppsTest.java:20)
]]></failure>
  </testcase>
  <testcase name="searchForTedApp" classname="tests.TedSearchTest" time="6.469"/>
  <testcase name="searchForTedApp" classname="tests.TedSearchTest" time="0.792"/>
  <testcase name="selectTedApp" classname="tests.SelectTedAppTest" time="3.559"/>
  <testcase name="selectTedApp" classname="tests.SelectTedAppTest" time="2.998"/>
  <testcase name="searchForFacebookApp" classname="tests.FacebookSearchTest" time="1.761"/>
  <testcase name="searchForFacebookApp" classname="tests.FacebookSearchTest" time="0.239"/>
  <testcase name="selectFacebookApp" classname="tests.SelectFacebookAppTest" time="2.575"/>
  <testcase name="selectFacebookApp" classname="tests.SelectFacebookAppTest" time="20.175">
    <failure message="Expected condition failed: waiting for visibility of element located by By.xpath: //a[@href=&apos;/store/apps/details?id=com.facebook.katana&apos;] (tried for 20 second(s) with 500 milliseconds interval)&#10;Build info: version: &apos;4.0.0&apos;, revision: &apos;3a21814679&apos;&#10;System info: host: &apos;DESKTOP-9N1BKMG&apos;, ip: &apos;192.168.220.1&apos;, os.name: &apos;Windows 10&apos;, os.arch: &apos;amd64&apos;, os.version: &apos;10.0&apos;, java.version: &apos;13.0.2&apos;&#10;Driver info: org.openqa.selenium.chrome.ChromeDriver&#10;Capabilities {acceptInsecureCerts: false, browserName: chrome, browserVersion: 96.0.4664.110, chrome: {chromedriverVersion: 96.0.4664.45 (76e4c1bb2ab46..., userDataDir: C:\Users\Mohamed\AppData\Lo...}, goog:chromeOptions: {debuggerAddress: localhost:65041}, javascriptEnabled: true, networkConnectionEnabled: false, pageLoadStrategy: normal, platform: WINDOWS, platformName: WINDOWS, proxy: Proxy(), se:cdp: ws://localhost:65041/devtoo..., se:cdpVersion: 96.0.4664.110, setWindowRect: true, strictFileInteractability: false, timeouts: {implicit: 0, pageLoad: 300000, script: 30000}, unhandledPromptBehavior: dismiss and notify, webauthn:extension:credBlob: true, webauthn:extension:largeBlob: true, webauthn:virtualAuthenticators: true}&#10;Session ID: 172eb3e6cf81421cf6d20af440aba616" type="org.openqa.selenium.TimeoutException"><![CDATA[org.openqa.selenium.TimeoutException: 
Expected condition failed: waiting for visibility of element located by By.xpath: //a[@href='/store/apps/details?id=com.facebook.katana'] (tried for 20 second(s) with 500 milliseconds interval)
Build info: version: '4.0.0', revision: '3a21814679'
System info: host: 'DESKTOP-9N1BKMG', ip: '192.168.220.1', os.name: 'Windows 10', os.arch: 'amd64', os.version: '10.0', java.version: '13.0.2'
Driver info: org.openqa.selenium.chrome.ChromeDriver
Capabilities {acceptInsecureCerts: false, browserName: chrome, browserVersion: 96.0.4664.110, chrome: {chromedriverVersion: 96.0.4664.45 (76e4c1bb2ab46..., userDataDir: C:\Users\Mohamed\AppData\Lo...}, goog:chromeOptions: {debuggerAddress: localhost:65041}, javascriptEnabled: true, networkConnectionEnabled: false, pageLoadStrategy: normal, platform: WINDOWS, platformName: WINDOWS, proxy: Proxy(), se:cdp: ws://localhost:65041/devtoo..., se:cdpVersion: 96.0.4664.110, setWindowRect: true, strictFileInteractability: false, timeouts: {implicit: 0, pageLoad: 300000, script: 30000}, unhandledPromptBehavior: dismiss and notify, webauthn:extension:credBlob: true, webauthn:extension:largeBlob: true, webauthn:virtualAuthenticators: true}
Session ID: 172eb3e6cf81421cf6d20af440aba616
	at tests.SelectFacebookAppTest.selectFacebookApp(SelectFacebookAppTest.java:23)
]]></failure>
  </testcase>
</testsuite>