<?xml version="1.0" encoding="UTF-8"?>
<!-- Generated by org.testng.reporters.JUnitXMLReporter -->
<testsuite ignored="2" hostname="DESKTOP-9N1BKMG" failures="0" tests="2" name="FacebookSearchTest" time="5.285" errors="0" timestamp="2021-12-20T23:10:30 EET">
  <testcase classname="tests.FacebookSearchTest" name="searchForFacebookApp" time="1.518"/>
  <testcase classname="tests.SelectFacebookAppTest" name="selectFacebookApp" time="3.511"/>
  <testcase classname="tests.TestBase" name="@AfterSuite closeDriver" time="0.0">
    <ignored/>
  </testcase> <!-- @AfterSuite closeDriver -->
  <testcase classname="tests.TestBase" name="@BeforeSuite openDriver" time="0.0">
    <ignored/>
  </testcase> <!-- @BeforeSuite openDriver -->
</testsuite> <!-- FacebookSearchTest -->
