<?xml version="1.0" encoding="UTF-8"?>
<!-- Generated by org.testng.reporters.JUnitXMLReporter -->
<testsuite ignored="6" hostname="DESKTOP-9N1BKMG" failures="0" tests="4" name="TedSearchTest" time="14.373" errors="0" timestamp="2021-12-20T23:10:25 EET">
  <testcase classname="tests.HomeTest" name="OpenAppsLink" time="1.81"/>
  <testcase classname="tests.AppsTest" name="ChooseEducationFromCategories" time="1.804"/>
  <testcase classname="tests.TedSearchTest" name="searchForTedApp" time="6.287"/>
  <testcase classname="tests.SelectTedAppTest" name="selectTedApp" time="3.698"/>
  <testcase classname="tests.TestBase" name="@AfterSuite closeDriver" time="0.0">
    <ignored/>
  </testcase> <!-- @AfterSuite closeDriver -->
  <testcase classname="tests.TestBase" name="@AfterSuite closeDriver" time="0.0">
    <ignored/>
  </testcase> <!-- @AfterSuite closeDriver -->
  <testcase classname="tests.TestBase" name="@AfterSuite closeDriver" time="0.0">
    <ignored/>
  </testcase> <!-- @AfterSuite closeDriver -->
  <testcase classname="tests.TestBase" name="@BeforeSuite openDriver" time="0.0">
    <ignored/>
  </testcase> <!-- @BeforeSuite openDriver -->
  <testcase classname="tests.TestBase" name="@BeforeSuite openDriver" time="0.0">
    <ignored/>
  </testcase> <!-- @BeforeSuite openDriver -->
  <testcase classname="tests.TestBase" name="@BeforeSuite openDriver" time="0.0">
    <ignored/>
  </testcase> <!-- @BeforeSuite openDriver -->
</testsuite> <!-- TedSearchTest -->
